# JRE version: Java(TM) SE Runtime Environment (8.0_221-b11) (build 1.8.0_221-b11)
# Java VM: Java HotSpot(TM) 64-Bit Server VM (25.221-b11 mixed mode windows-amd64 compressed oops)
Heap:
 PSYoungGen      total 143360K, used 131301K [0x00000000f5580000, 0x00000000ffe80000, 0x0000000100000000)
  eden space 131584K, 90% used [0x00000000f5580000,0x00000000fca526f8,0x00000000fd600000)
  from space 11776K, 99% used [0x00000000fd600000,0x00000000fe167028,0x00000000fe180000)
  to   space 20480K, 0% used [0x00000000fea80000,0x00000000fea80000,0x00000000ffe80000)
 ParOldGen       total 175104K, used 41243K [0x00000000e0000000, 0x00000000eab00000, 0x00000000f5580000)
  object space 175104K, 23% used [0x00000000e0000000,0x00000000e2846c28,0x00000000eab00000)
 Metaspace       used 70101K, capacity 72556K, committed 72880K, reserved 1112064K
  class space    used 9433K, capacity 10039K, committed 10160K, reserved 1048576K
GC Heap History (10 events):
Event: 79.725 GC heap before
{Heap before GC invocations=10 (full 2):
 PSYoungGen      total 154112K, used 154097K [0x00000000f5580000, 0x0000000100000000, 0x0000000100000000)
  eden space 139264K, 100% used [0x00000000f5580000,0x00000000fdd80000,0x00000000fdd80000)
  from space 14848K, 99% used [0x00000000fdd80000,0x00000000febfc428,0x00000000fec00000)
  to   space 17408K, 0% used [0x00000000fef00000,0x00000000fef00000,0x0000000100000000)
 ParOldGen       total 175104K, used 18309K [0x00000000e0000000, 0x00000000eab00000, 0x00000000f5580000)
  object space 175104K, 10% used [0x00000000e0000000,0x00000000e11e15b0,0x00000000eab00000)
 Metaspace       used 57091K, capacity 58588K, committed 58800K, reserved 1099776K
  class space    used 7861K, capacity 8277K, committed 8368K, reserved 1048576K
Event: 79.761 GC heap after
Heap after GC invocations=10 (full 2):
 PSYoungGen      total 148992K, used 17390K [0x00000000f5580000, 0x0000000100000000, 0x0000000100000000)
  eden space 131584K, 0% used [0x00000000f5580000,0x00000000f5580000,0x00000000fd600000)
  from space 17408K, 99% used [0x00000000fef00000,0x00000000ffffbb40,0x0000000100000000)
  to   space 21504K, 0% used [0x00000000fd600000,0x00000000fd600000,0x00000000feb00000)
 ParOldGen       total 175104K, used 22700K [0x00000000e0000000, 0x00000000eab00000, 0x00000000f5580000)
  object space 175104K, 12% used [0x00000000e0000000,0x00000000e162b1f8,0x00000000eab00000)
 Metaspace       used 57091K, capacity 58588K, committed 58800K, reserved 1099776K
  class space    used 7861K, capacity 8277K, committed 8368K, reserved 1048576K
}
Event: 79.932 GC heap before
{Heap before GC invocations=11 (full 2):
 PSYoungGen      total 148992K, used 25268K [0x00000000f5580000, 0x0000000100000000, 0x0000000100000000)
  eden space 131584K, 5% used [0x00000000f5580000,0x00000000f5d315b8,0x00000000fd600000)
  from space 17408K, 99% used [0x00000000fef00000,0x00000000ffffbb40,0x0000000100000000)
  to   space 21504K, 0% used [0x00000000fd600000,0x00000000fd600000,0x00000000feb00000)
 ParOldGen       total 175104K, used 22700K [0x00000000e0000000, 0x00000000eab00000, 0x00000000f5580000)
  object space 175104K, 12% used [0x00000000e0000000,0x00000000e162b1f8,0x00000000eab00000)
 Metaspace       used 57525K, capacity 59054K, committed 59160K, reserved 1099776K
  class space    used 7922K, capacity 8348K, committed 8368K, reserved 1048576K
Event: 79.990 GC heap after
Heap after GC invocations=11 (full 2):
 PSYoungGen      total 153088K, used 14166K [0x00000000f5580000, 0x0000000100000000, 0x0000000100000000)
  eden space 131584K, 0% used [0x00000000f5580000,0x00000000f5580000,0x00000000fd600000)
  from space 21504K, 65% used [0x00000000fd600000,0x00000000fe3d5a18,0x00000000feb00000)
  to   space 20992K, 0% used [0x00000000feb80000,0x00000000feb80000,0x0000000100000000)
 ParOldGen       total 175104K, used 22700K [0x00000000e0000000, 0x00000000eab00000, 0x00000000f5580000)
  object space 175104K, 12% used [0x00000000e0000000,0x00000000e162b1f8,0x00000000eab00000)
 Metaspace       used 57525K, capacity 59054K, committed 59160K, reserved 1099776K
  class space    used 7922K, capacity 8348K, committed 8368K, reserved 1048576K
}
Event: 79.990 GC heap before
{Heap before GC invocations=12 (full 3):
 PSYoungGen      total 153088K, used 14166K [0x00000000f5580000, 0x0000000100000000, 0x0000000100000000)
  eden space 131584K, 0% used [0x00000000f5580000,0x00000000f5580000,0x00000000fd600000)
  from space 21504K, 65% used [0x00000000fd600000,0x00000000fe3d5a18,0x00000000feb00000)
  to   space 20992K, 0% used [0x00000000feb80000,0x00000000feb80000,0x0000000100000000)
 ParOldGen       total 175104K, used 22700K [0x00000000e0000000, 0x00000000eab00000, 0x00000000f5580000)
  object space 175104K, 12% used [0x00000000e0000000,0x00000000e162b1f8,0x00000000eab00000)
 Metaspace       used 57525K, capacity 59054K, committed 59160K, reserved 1099776K
  class space    used 7922K, capacity 8348K, committed 8368K, reserved 1048576K
Event: 80.492 GC heap after
Heap after GC invocations=12 (full 3):
 PSYoungGen      total 153088K, used 0K [0x00000000f5580000, 0x0000000100000000, 0x0000000100000000)
  eden space 131584K, 0% used [0x00000000f5580000,0x00000000f5580000,0x00000000fd600000)
  from space 21504K, 0% used [0x00000000fd600000,0x00000000fd600000,0x00000000feb00000)
  to   space 20992K, 0% used [0x00000000feb80000,0x00000000feb80000,0x0000000100000000)
 ParOldGen       total 175104K, used 29808K [0x00000000e0000000, 0x00000000eab00000, 0x00000000f5580000)
  object space 175104K, 17% used [0x00000000e0000000,0x00000000e1d1c280,0x00000000eab00000)
 Metaspace       used 57525K, capacity 59054K, committed 59160K, reserved 1099776K
  class space    used 7922K, capacity 8348K, committed 8368K, reserved 1048576K
}
Event: 84.105 GC heap before
{Heap before GC invocations=13 (full 3):
 PSYoungGen      total 153088K, used 131584K [0x00000000f5580000, 0x0000000100000000, 0x0000000100000000)
  eden space 131584K, 100% used [0x00000000f5580000,0x00000000fd600000,0x00000000fd600000)
  from space 21504K, 0% used [0x00000000fd600000,0x00000000fd600000,0x00000000feb00000)
  to   space 20992K, 0% used [0x00000000feb80000,0x00000000feb80000,0x0000000100000000)
 ParOldGen       total 175104K, used 29808K [0x00000000e0000000, 0x00000000eab00000, 0x00000000f5580000)
  object space 175104K, 17% used [0x00000000e0000000,0x00000000e1d1c280,0x00000000eab00000)
 Metaspace       used 62577K, capacity 64634K, committed 64816K, reserved 1105920K
  class space    used 8698K, capacity 9238K, committed 9264K, reserved 1048576K
Event: 84.161 GC heap after
Heap after GC invocations=13 (full 3):
 PSYoungGen      total 152576K, used 14895K [0x00000000f5580000, 0x0000000100000000, 0x0000000100000000)
  eden space 131584K, 0% used [0x00000000f5580000,0x00000000f5580000,0x00000000fd600000)
  from space 20992K, 70% used [0x00000000feb80000,0x00000000ffa0bff8,0x0000000100000000)
  to   space 21504K, 0% used [0x00000000fd600000,0x00000000fd600000,0x00000000feb00000)
 ParOldGen       total 175104K, used 29816K [0x00000000e0000000, 0x00000000eab00000, 0x00000000f5580000)
  object space 175104K, 17% used [0x00000000e0000000,0x00000000e1d1e280,0x00000000eab00000)
 Metaspace       used 62577K, capacity 64634K, committed 64816K, reserved 1105920K
  class space    used 8698K, capacity 9238K, committed 9264K, reserved 1048576K
}
Event: 88.782 GC heap before
{Heap before GC invocations=14 (full 3):
 PSYoungGen      total 152576K, used 146479K [0x00000000f5580000, 0x0000000100000000, 0x0000000100000000)
  eden space 131584K, 100% used [0x00000000f5580000,0x00000000fd600000,0x00000000fd600000)
  from space 20992K, 70% used [0x00000000feb80000,0x00000000ffa0bff8,0x0000000100000000)
  to   space 21504K, 0% used [0x00000000fd600000,0x00000000fd600000,0x00000000feb00000)
 ParOldGen       total 175104K, used 29816K [0x00000000e0000000, 0x00000000eab00000, 0x00000000f5580000)
  object space 175104K, 17% used [0x00000000e0000000,0x00000000e1d1e280,0x00000000eab00000)
 Metaspace       used 65911K, capacity 68272K, committed 68400K, reserved 1107968K
  class space    used 9110K, capacity 9679K, committed 9776K, reserved 1048576K
Event: 88.822 GC heap after
Heap after GC invocations=14 (full 3):
 PSYoungGen      total 143360K, used 11676K [0x00000000f5580000, 0x00000000ffe80000, 0x0000000100000000)
  eden space 131584K, 0% used [0x00000000f5580000,0x00000000f5580000,0x00000000fd600000)
  from space 11776K, 99% used [0x00000000fd600000,0x00000000fe167028,0x00000000fe180000)
  to   space 20480K, 0% used [0x00000000fea80000,0x00000000fea80000,0x00000000ffe80000)
 ParOldGen       total 175104K, used 41243K [0x00000000e0000000, 0x00000000eab00000, 0x00000000f5580000)
  object space 175104K, 23% used [0x00000000e0000000,0x00000000e2846c28,0x00000000eab00000)
 Metaspace       used 65911K, capacity 68272K, committed 68400K, reserved 1107968K
  class space    used 9110K, capacity 9679K, committed 9776K, reserved 1048576K
}

