# JRE version: Java(TM) SE Runtime Environment (8.0_221-b11) (build 1.8.0_221-b11)
# Java VM: Java HotSpot(TM) 64-Bit Server VM (25.221-b11 mixed mode windows-amd64 compressed oops)
Heap:
 PSYoungGen      total 152576K, used 20091K [0x00000000f5580000, 0x00000000fff80000, 0x0000000100000000)
  eden space 132096K, 3% used [0x00000000f5580000,0x00000000f5aa8930,0x00000000fd680000)
  from space 20480K, 72% used [0x00000000feb80000,0x00000000ff9f6690,0x00000000fff80000)
  to   space 20992K, 0% used [0x00000000fd680000,0x00000000fd680000,0x00000000feb00000)
 ParOldGen       total 175104K, used 29707K [0x00000000e0000000, 0x00000000eab00000, 0x00000000f5580000)
  object space 175104K, 16% used [0x00000000e0000000,0x00000000e1d02e48,0x00000000eab00000)
 Metaspace       used 62664K, capacity 64722K, committed 64920K, reserved 1105920K
  class space    used 8706K, capacity 9242K, committed 9368K, reserved 1048576K
GC Heap History (10 events):
Event: 64.629 GC heap before
{Heap before GC invocations=9 (full 2):
 PSYoungGen      total 135168K, used 124928K [0x00000000f5580000, 0x00000000ffa80000, 0x0000000100000000)
  eden space 124928K, 100% used [0x00000000f5580000,0x00000000fcf80000,0x00000000fcf80000)
  from space 10240K, 0% used [0x00000000ff080000,0x00000000ff080000,0x00000000ffa80000)
  to   space 14848K, 0% used [0x00000000fdd80000,0x00000000fdd80000,0x00000000fec00000)
 ParOldGen       total 175104K, used 17023K [0x00000000e0000000, 0x00000000eab00000, 0x00000000f5580000)
  object space 175104K, 9% used [0x00000000e0000000,0x00000000e109fc18,0x00000000eab00000)
 Metaspace       used 45614K, capacity 46758K, committed 46896K, reserved 1089536K
  class space    used 6272K, capacity 6668K, committed 6704K, reserved 1048576K
Event: 64.666 GC heap after
Heap after GC invocations=9 (full 2):
 PSYoungGen      total 154112K, used 14840K [0x00000000f5580000, 0x0000000100000000, 0x0000000100000000)
  eden space 139264K, 0% used [0x00000000f5580000,0x00000000f5580000,0x00000000fdd80000)
  from space 14848K, 99% used [0x00000000fdd80000,0x00000000febfe200,0x00000000fec00000)
  to   space 17408K, 0% used [0x00000000fef00000,0x00000000fef00000,0x0000000100000000)
 ParOldGen       total 175104K, used 18284K [0x00000000e0000000, 0x00000000eab00000, 0x00000000f5580000)
  object space 175104K, 10% used [0x00000000e0000000,0x00000000e11db338,0x00000000eab00000)
 Metaspace       used 45614K, capacity 46758K, committed 46896K, reserved 1089536K
  class space    used 6272K, capacity 6668K, committed 6704K, reserved 1048576K
}
Event: 73.523 GC heap before
{Heap before GC invocations=10 (full 2):
 PSYoungGen      total 154112K, used 154104K [0x00000000f5580000, 0x0000000100000000, 0x0000000100000000)
  eden space 139264K, 100% used [0x00000000f5580000,0x00000000fdd80000,0x00000000fdd80000)
  from space 14848K, 99% used [0x00000000fdd80000,0x00000000febfe200,0x00000000fec00000)
  to   space 17408K, 0% used [0x00000000fef00000,0x00000000fef00000,0x0000000100000000)
 ParOldGen       total 175104K, used 18284K [0x00000000e0000000, 0x00000000eab00000, 0x00000000f5580000)
  object space 175104K, 10% used [0x00000000e0000000,0x00000000e11db338,0x00000000eab00000)
 Metaspace       used 57175K, capacity 58652K, committed 58800K, reserved 1099776K
  class space    used 7869K, capacity 8277K, committed 8368K, reserved 1048576K
Event: 73.556 GC heap after
Heap after GC invocations=10 (full 2):
 PSYoungGen      total 148992K, used 17380K [0x00000000f5580000, 0x0000000100000000, 0x0000000100000000)
  eden space 131584K, 0% used [0x00000000f5580000,0x00000000f5580000,0x00000000fd600000)
  from space 17408K, 99% used [0x00000000fef00000,0x00000000ffff9138,0x0000000100000000)
  to   space 21504K, 0% used [0x00000000fd600000,0x00000000fd600000,0x00000000feb00000)
 ParOldGen       total 175104K, used 22761K [0x00000000e0000000, 0x00000000eab00000, 0x00000000f5580000)
  object space 175104K, 12% used [0x00000000e0000000,0x00000000e163a4c8,0x00000000eab00000)
 Metaspace       used 57175K, capacity 58652K, committed 58800K, reserved 1099776K
  class space    used 7869K, capacity 8277K, committed 8368K, reserved 1048576K
}
Event: 73.662 GC heap before
{Heap before GC invocations=11 (full 2):
 PSYoungGen      total 148992K, used 25148K [0x00000000f5580000, 0x0000000100000000, 0x0000000100000000)
  eden space 131584K, 5% used [0x00000000f5580000,0x00000000f5d161f8,0x00000000fd600000)
  from space 17408K, 99% used [0x00000000fef00000,0x00000000ffff9138,0x0000000100000000)
  to   space 21504K, 0% used [0x00000000fd600000,0x00000000fd600000,0x00000000feb00000)
 ParOldGen       total 175104K, used 22761K [0x00000000e0000000, 0x00000000eab00000, 0x00000000f5580000)
  object space 175104K, 12% used [0x00000000e0000000,0x00000000e163a4c8,0x00000000eab00000)
 Metaspace       used 57498K, capacity 58958K, committed 59160K, reserved 1099776K
  class space    used 7926K, capacity 8380K, committed 8472K, reserved 1048576K
Event: 73.690 GC heap after
Heap after GC invocations=11 (full 2):
 PSYoungGen      total 153088K, used 13991K [0x00000000f5580000, 0x0000000100000000, 0x0000000100000000)
  eden space 131584K, 0% used [0x00000000f5580000,0x00000000f5580000,0x00000000fd600000)
  from space 21504K, 65% used [0x00000000fd600000,0x00000000fe3a9fb8,0x00000000feb00000)
  to   space 20992K, 0% used [0x00000000feb80000,0x00000000feb80000,0x0000000100000000)
 ParOldGen       total 175104K, used 22769K [0x00000000e0000000, 0x00000000eab00000, 0x00000000f5580000)
  object space 175104K, 13% used [0x00000000e0000000,0x00000000e163c4c8,0x00000000eab00000)
 Metaspace       used 57498K, capacity 58958K, committed 59160K, reserved 1099776K
  class space    used 7926K, capacity 8380K, committed 8472K, reserved 1048576K
}
Event: 73.690 GC heap before
{Heap before GC invocations=12 (full 3):
 PSYoungGen      total 153088K, used 13991K [0x00000000f5580000, 0x0000000100000000, 0x0000000100000000)
  eden space 131584K, 0% used [0x00000000f5580000,0x00000000f5580000,0x00000000fd600000)
  from space 21504K, 65% used [0x00000000fd600000,0x00000000fe3a9fb8,0x00000000feb00000)
  to   space 20992K, 0% used [0x00000000feb80000,0x00000000feb80000,0x0000000100000000)
 ParOldGen       total 175104K, used 22769K [0x00000000e0000000, 0x00000000eab00000, 0x00000000f5580000)
  object space 175104K, 13% used [0x00000000e0000000,0x00000000e163c4c8,0x00000000eab00000)
 Metaspace       used 57498K, capacity 58958K, committed 59160K, reserved 1099776K
  class space    used 7926K, capacity 8380K, committed 8472K, reserved 1048576K
Event: 74.200 GC heap after
Heap after GC invocations=12 (full 3):
 PSYoungGen      total 153088K, used 0K [0x00000000f5580000, 0x0000000100000000, 0x0000000100000000)
  eden space 131584K, 0% used [0x00000000f5580000,0x00000000f5580000,0x00000000fd600000)
  from space 21504K, 0% used [0x00000000fd600000,0x00000000fd600000,0x00000000feb00000)
  to   space 20992K, 0% used [0x00000000feb80000,0x00000000feb80000,0x0000000100000000)
 ParOldGen       total 175104K, used 29707K [0x00000000e0000000, 0x00000000eab00000, 0x00000000f5580000)
  object space 175104K, 16% used [0x00000000e0000000,0x00000000e1d02e48,0x00000000eab00000)
 Metaspace       used 57498K, capacity 58958K, committed 59160K, reserved 1099776K
  class space    used 7926K, capacity 8380K, committed 8472K, reserved 1048576K
}
Event: 78.219 GC heap before
{Heap before GC invocations=13 (full 3):
 PSYoungGen      total 153088K, used 131584K [0x00000000f5580000, 0x0000000100000000, 0x0000000100000000)
  eden space 131584K, 100% used [0x00000000f5580000,0x00000000fd600000,0x00000000fd600000)
  from space 21504K, 0% used [0x00000000fd600000,0x00000000fd600000,0x00000000feb00000)
  to   space 20992K, 0% used [0x00000000feb80000,0x00000000feb80000,0x0000000100000000)
 ParOldGen       total 175104K, used 29707K [0x00000000e0000000, 0x00000000eab00000, 0x00000000f5580000)
  object space 175104K, 16% used [0x00000000e0000000,0x00000000e1d02e48,0x00000000eab00000)
 Metaspace       used 62532K, capacity 64502K, committed 64536K, reserved 1103872K
  class space    used 8698K, capacity 9238K, committed 9240K, reserved 1048576K
Event: 78.253 GC heap after
Heap after GC invocations=13 (full 3):
 PSYoungGen      total 152576K, used 14809K [0x00000000f5580000, 0x00000000fff80000, 0x0000000100000000)
  eden space 132096K, 0% used [0x00000000f5580000,0x00000000f5580000,0x00000000fd680000)
  from space 20480K, 72% used [0x00000000feb80000,0x00000000ff9f6690,0x00000000fff80000)
  to   space 20992K, 0% used [0x00000000fd680000,0x00000000fd680000,0x00000000feb00000)
 ParOldGen       total 175104K, used 29707K [0x00000000e0000000, 0x00000000eab00000, 0x00000000f5580000)
  object space 175104K, 16% used [0x00000000e0000000,0x00000000e1d02e48,0x00000000eab00000)
 Metaspace       used 62532K, capacity 64502K, committed 64536K, reserved 1103872K
  class space    used 8698K, capacity 9238K, committed 9240K, reserved 1048576K
}

